<?xml version="1.0" encoding="UTF-8"?>
<!-- Generated by org.testng.reporters.JUnitXMLReporter -->
<testsuite ignored="0" hostname="DESKTOP-486D6KO" failures="0" tests="6" name="Test" time="19.479" errors="0" timestamp="2022-07-19T08:21:17 BDT">
  <testcase classname="com.testcase.TitleTest" name="titleCheck" time="0.019"/>
  <testcase classname="com.testcase.LoginTest" name="loginCheck" time="2.991"/>
  <testcase classname="com.testcase.LoginTest" name="loginCheck" time="0.275"/>
  <testcase classname="com.testcase.LoginTest" name="loginCheck" time="7.834"/>
  <testcase classname="com.testcase.LoginTest" name="loginCheck" time="2.835"/>
  <testcase classname="com.testcase.LoginTest" name="loginCheck" time="0.209"/>
</testsuite> <!-- Test -->
