<?xml version="1.0" encoding="UTF-8"?>
<!-- Generated by org.testng.reporters.JUnitXMLReporter -->
<testsuite ignored="0" hostname="DESKTOP-486D6KO" failures="0" tests="6" name="Test" time="20.578" errors="0" timestamp="2022-07-19T07:52:06 BDT">
  <testcase classname="com.testcase.TitleTest" name="titleCheck" time="0.017"/>
  <testcase classname="com.testcase.LoginTest" name="loginCheck" time="2.993"/>
  <testcase classname="com.testcase.LoginTest" name="loginCheck" time="0.257"/>
  <testcase classname="com.testcase.LoginTest" name="loginCheck" time="7.844"/>
  <testcase classname="com.testcase.LoginTest" name="loginCheck" time="2.835"/>
  <testcase classname="com.testcase.LoginTest" name="loginCheck" time="0.221"/>
</testsuite> <!-- Test -->
