<?xml version="1.0" encoding="UTF-8"?>
<!-- Generated by org.testng.reporters.JUnitXMLReporter -->
<testsuite ignored="0" hostname="DESKTOP-486D6KO" failures="0" tests="6" name="Command line test" time="22.088" errors="0" timestamp="2022-07-19T08:42:17 BDT">
  <testcase classname="com.testcase.LoginTest" name="loginCheck" time="3.203"/>
  <testcase classname="com.testcase.LoginTest" name="loginCheck" time="0.33"/>
  <testcase classname="com.testcase.LoginTest" name="loginCheck" time="7.881"/>
  <testcase classname="com.testcase.LoginTest" name="loginCheck" time="2.87"/>
  <testcase classname="com.testcase.LoginTest" name="loginCheck" time="0.239"/>
  <testcase classname="com.testcase.TitleTest" name="titleCheck" time="0.011"/>
</testsuite> <!-- Command line test -->
