<?xml version="1.0" encoding="UTF-8"?>
<testng-results ignored="0" total="6" passed="6" failed="0" skipped="0">
  <reporter-output>
  </reporter-output>
  <suite started-at="2022-07-19T08:41:55 BDT" name="Command line suite" finished-at="2022-07-19T08:42:17 BDT" duration-ms="22088">
    <groups>
    </groups>
    <test started-at="2022-07-19T08:41:55 BDT" name="Command line test" finished-at="2022-07-19T08:42:17 BDT" duration-ms="22088">
      <class name="com.testcase.TitleTest">
        <test-method is-config="true" signature="browserLaunch()[pri:0, instance:com.testcase.TitleTest@2313052e]" started-at="2022-07-19T08:41:59 BDT" name="browserLaunch" finished-at="2022-07-19T08:42:01 BDT" duration-ms="2101" status="PASS">
          <reporter-output>
          </reporter-output>
        </test-method> <!-- browserLaunch -->
        <test-method signature="titleCheck()[pri:0, instance:com.testcase.TitleTest@2313052e]" started-at="2022-07-19T08:42:17 BDT" name="titleCheck" finished-at="2022-07-19T08:42:17 BDT" duration-ms="11" status="PASS">
          <reporter-output>
          </reporter-output>
        </test-method> <!-- titleCheck -->
        <test-method is-config="true" signature="browserClose()[pri:0, instance:com.testcase.TitleTest@2313052e]" started-at="2022-07-19T08:42:17 BDT" name="browserClose" finished-at="2022-07-19T08:42:17 BDT" duration-ms="54" status="PASS">
          <reporter-output>
          </reporter-output>
        </test-method> <!-- browserClose -->
      </class> <!-- com.testcase.TitleTest -->
      <class name="com.testcase.LoginTest">
        <test-method is-config="true" signature="borwserLaunch()[pri:0, instance:com.testcase.LoginTest@7756c3cd]" started-at="2022-07-19T08:41:55 BDT" name="borwserLaunch" finished-at="2022-07-19T08:41:59 BDT" duration-ms="4018" status="PASS">
          <reporter-output>
          </reporter-output>
        </test-method> <!-- borwserLaunch -->
        <test-method signature="loginCheck(java.lang.String, java.lang.String, java.lang.String)[pri:0, instance:com.testcase.LoginTest@7756c3cd]" started-at="2022-07-19T08:42:02 BDT" name="loginCheck" data-provider="LoginData" finished-at="2022-07-19T08:42:05 BDT" duration-ms="3203" status="PASS">
          <params>
            <param index="0">
              <value>
                <![CDATA[standard_user]]>
              </value>
            </param>
            <param index="1">
              <value>
                <![CDATA[secret_sauce]]>
              </value>
            </param>
            <param index="2">
              <value>
                <![CDATA[Valid]]>
              </value>
            </param>
          </params>
          <reporter-output>
          </reporter-output>
        </test-method> <!-- loginCheck -->
        <test-method signature="loginCheck(java.lang.String, java.lang.String, java.lang.String)[pri:0, instance:com.testcase.LoginTest@7756c3cd]" started-at="2022-07-19T08:42:05 BDT" name="loginCheck" data-provider="LoginData" finished-at="2022-07-19T08:42:06 BDT" duration-ms="330" status="PASS">
          <params>
            <param index="0">
              <value>
                <![CDATA[locked_out_user]]>
              </value>
            </param>
            <param index="1">
              <value>
                <![CDATA[secret_sauce]]>
              </value>
            </param>
            <param index="2">
              <value>
                <![CDATA[Invalid]]>
              </value>
            </param>
          </params>
          <reporter-output>
          </reporter-output>
        </test-method> <!-- loginCheck -->
        <test-method signature="loginCheck(java.lang.String, java.lang.String, java.lang.String)[pri:0, instance:com.testcase.LoginTest@7756c3cd]" started-at="2022-07-19T08:42:06 BDT" name="loginCheck" data-provider="LoginData" finished-at="2022-07-19T08:42:13 BDT" duration-ms="7881" status="PASS">
          <params>
            <param index="0">
              <value>
                <![CDATA[performance_glitch_user]]>
              </value>
            </param>
            <param index="1">
              <value>
                <![CDATA[secret_sauce]]>
              </value>
            </param>
            <param index="2">
              <value>
                <![CDATA[Valid]]>
              </value>
            </param>
          </params>
          <reporter-output>
          </reporter-output>
        </test-method> <!-- loginCheck -->
        <test-method signature="loginCheck(java.lang.String, java.lang.String, java.lang.String)[pri:0, instance:com.testcase.LoginTest@7756c3cd]" started-at="2022-07-19T08:42:13 BDT" name="loginCheck" data-provider="LoginData" finished-at="2022-07-19T08:42:16 BDT" duration-ms="2870" status="PASS">
          <params>
            <param index="0">
              <value>
                <![CDATA[problem_user]]>
              </value>
            </param>
            <param index="1">
              <value>
                <![CDATA[secret_sauce]]>
              </value>
            </param>
            <param index="2">
              <value>
                <![CDATA[Valid]]>
              </value>
            </param>
          </params>
          <reporter-output>
          </reporter-output>
        </test-method> <!-- loginCheck -->
        <test-method signature="loginCheck(java.lang.String, java.lang.String, java.lang.String)[pri:0, instance:com.testcase.LoginTest@7756c3cd]" started-at="2022-07-19T08:42:16 BDT" name="loginCheck" data-provider="LoginData" finished-at="2022-07-19T08:42:17 BDT" duration-ms="239" status="PASS">
          <params>
            <param index="0">
              <value>
                <![CDATA[wwdw]]>
              </value>
            </param>
            <param index="1">
              <value>
                <![CDATA[dwdwd]]>
              </value>
            </param>
            <param index="2">
              <value>
                <![CDATA[Invalid]]>
              </value>
            </param>
          </params>
          <reporter-output>
          </reporter-output>
        </test-method> <!-- loginCheck -->
        <test-method is-config="true" signature="browserClose()[pri:0, instance:com.testcase.LoginTest@7756c3cd]" started-at="2022-07-19T08:42:17 BDT" name="browserClose" finished-at="2022-07-19T08:42:17 BDT" duration-ms="61" status="PASS">
          <reporter-output>
          </reporter-output>
        </test-method> <!-- browserClose -->
      </class> <!-- com.testcase.LoginTest -->
    </test> <!-- Command line test -->
  </suite> <!-- Command line suite -->
</testng-results>
