<?xml version="1.0" encoding="UTF-8"?>
<testng-results ignored="0" total="6" passed="6" failed="0" skipped="0">
  <reporter-output>
  </reporter-output>
  <suite started-at="2022-07-19T07:51:45 BDT" name="Suite" finished-at="2022-07-19T07:52:06 BDT" duration-ms="20578">
    <groups>
    </groups>
    <test started-at="2022-07-19T07:51:45 BDT" name="Test" finished-at="2022-07-19T07:52:06 BDT" duration-ms="20578">
      <class name="com.testcase.TitleTest">
        <test-method is-config="true" signature="browserLaunch()[pri:0, instance:com.testcase.TitleTest@62e20a76]" started-at="2022-07-19T07:51:48 BDT" name="browserLaunch" finished-at="2022-07-19T07:51:51 BDT" duration-ms="2350" status="PASS">
          <reporter-output>
          </reporter-output>
        </test-method> <!-- browserLaunch -->
        <test-method signature="titleCheck()[pri:0, instance:com.testcase.TitleTest@62e20a76]" started-at="2022-07-19T07:51:51 BDT" name="titleCheck" finished-at="2022-07-19T07:51:51 BDT" duration-ms="17" status="PASS">
          <reporter-output>
          </reporter-output>
        </test-method> <!-- titleCheck -->
        <test-method is-config="true" signature="browserClose()[pri:0, instance:com.testcase.TitleTest@62e20a76]" started-at="2022-07-19T07:52:06 BDT" name="browserClose" finished-at="2022-07-19T07:52:06 BDT" duration-ms="65" status="PASS">
          <reporter-output>
          </reporter-output>
        </test-method> <!-- browserClose -->
      </class> <!-- com.testcase.TitleTest -->
      <class name="com.testcase.LoginTest">
        <test-method is-config="true" signature="borwserLaunch()[pri:0, instance:com.testcase.LoginTest@2cc44ad]" started-at="2022-07-19T07:51:45 BDT" name="borwserLaunch" finished-at="2022-07-19T07:51:48 BDT" duration-ms="2888" status="PASS">
          <reporter-output>
          </reporter-output>
        </test-method> <!-- borwserLaunch -->
        <test-method signature="loginCheck(java.lang.String, java.lang.String, java.lang.String)[pri:0, instance:com.testcase.LoginTest@2cc44ad]" started-at="2022-07-19T07:51:52 BDT" name="loginCheck" data-provider="LoginData" finished-at="2022-07-19T07:51:55 BDT" duration-ms="2993" status="PASS">
          <params>
            <param index="0">
              <value>
                <![CDATA[standard_user]]>
              </value>
            </param>
            <param index="1">
              <value>
                <![CDATA[secret_sauce]]>
              </value>
            </param>
            <param index="2">
              <value>
                <![CDATA[Valid]]>
              </value>
            </param>
          </params>
          <reporter-output>
          </reporter-output>
        </test-method> <!-- loginCheck -->
        <test-method signature="loginCheck(java.lang.String, java.lang.String, java.lang.String)[pri:0, instance:com.testcase.LoginTest@2cc44ad]" started-at="2022-07-19T07:51:55 BDT" name="loginCheck" data-provider="LoginData" finished-at="2022-07-19T07:51:55 BDT" duration-ms="257" status="PASS">
          <params>
            <param index="0">
              <value>
                <![CDATA[locked_out_user]]>
              </value>
            </param>
            <param index="1">
              <value>
                <![CDATA[secret_sauce]]>
              </value>
            </param>
            <param index="2">
              <value>
                <![CDATA[Invalid]]>
              </value>
            </param>
          </params>
          <reporter-output>
          </reporter-output>
        </test-method> <!-- loginCheck -->
        <test-method signature="loginCheck(java.lang.String, java.lang.String, java.lang.String)[pri:0, instance:com.testcase.LoginTest@2cc44ad]" started-at="2022-07-19T07:51:55 BDT" name="loginCheck" data-provider="LoginData" finished-at="2022-07-19T07:52:03 BDT" duration-ms="7844" status="PASS">
          <params>
            <param index="0">
              <value>
                <![CDATA[performance_glitch_user]]>
              </value>
            </param>
            <param index="1">
              <value>
                <![CDATA[secret_sauce]]>
              </value>
            </param>
            <param index="2">
              <value>
                <![CDATA[Valid]]>
              </value>
            </param>
          </params>
          <reporter-output>
          </reporter-output>
        </test-method> <!-- loginCheck -->
        <test-method signature="loginCheck(java.lang.String, java.lang.String, java.lang.String)[pri:0, instance:com.testcase.LoginTest@2cc44ad]" started-at="2022-07-19T07:52:03 BDT" name="loginCheck" data-provider="LoginData" finished-at="2022-07-19T07:52:06 BDT" duration-ms="2835" status="PASS">
          <params>
            <param index="0">
              <value>
                <![CDATA[problem_user]]>
              </value>
            </param>
            <param index="1">
              <value>
                <![CDATA[secret_sauce]]>
              </value>
            </param>
            <param index="2">
              <value>
                <![CDATA[Valid]]>
              </value>
            </param>
          </params>
          <reporter-output>
          </reporter-output>
        </test-method> <!-- loginCheck -->
        <test-method signature="loginCheck(java.lang.String, java.lang.String, java.lang.String)[pri:0, instance:com.testcase.LoginTest@2cc44ad]" started-at="2022-07-19T07:52:06 BDT" name="loginCheck" data-provider="LoginData" finished-at="2022-07-19T07:52:06 BDT" duration-ms="221" status="PASS">
          <params>
            <param index="0">
              <value>
                <![CDATA[wwdw]]>
              </value>
            </param>
            <param index="1">
              <value>
                <![CDATA[dwdwd]]>
              </value>
            </param>
            <param index="2">
              <value>
                <![CDATA[Invalid]]>
              </value>
            </param>
          </params>
          <reporter-output>
          </reporter-output>
        </test-method> <!-- loginCheck -->
        <test-method is-config="true" signature="browserClose()[pri:0, instance:com.testcase.LoginTest@2cc44ad]" started-at="2022-07-19T07:52:06 BDT" name="browserClose" finished-at="2022-07-19T07:52:06 BDT" duration-ms="61" status="PASS">
          <reporter-output>
          </reporter-output>
        </test-method> <!-- browserClose -->
      </class> <!-- com.testcase.LoginTest -->
    </test> <!-- Test -->
  </suite> <!-- Suite -->
</testng-results>
